<?xml version="1.0" encoding="UTF-8"?>
<!-- Generated by org.testng.reporters.JUnitReportReporter -->
<testsuite hostname="Dell" failures="0" tests="1" name="Com.qa.test.Testmaven" time="9.946" errors="0" timestamp="3 Jul 2020 18:25:01 GMT">
  <testcase classname="Com.qa.test.Testmaven" name="demo" time="9.946"/>
</testsuite> <!-- Com.qa.test.Testmaven -->
